Removed Pin From Net: NetName=3V3 Pin=R41-2
Removed Pin From Net: NetName=GND Pin=U01-1
Removed Pin From Net: NetName=1V5 Pin=U4-1
Removed Pin From Net: NetName=GND Pin=U4-2
Removed Pin From Net: NetName=3V3 Pin=U4-4
Removed Pin From Net: NetName=GND Pin=U4-5
Removed Member From Class: ClassName=LittleFOC-pcb-0.0.1 Member=R41
Removed Member From Class: ClassName=LittleFOC-pcb-0.0.1 Member=U4
Change Component Footprint: Designator=U01 Old Footprint=SOT-23 New Footprint=SOT23-5
Change Component Comment : Designator=U01 Old Comment=ME6210A33M3G New Comment=SPX3819
Added Component: Designator=*(SOT23-5)
Added Pin To Net: NetName=3V3 Pin=*-1
Added Pin To Net: NetName=GND Pin=*-2
Added Pin To Net: NetName=3V3 Pin=*-3
Added Pin To Net: NetName=1V5 Pin=*-5
Added Pin To Net: NetName=3V3 Pin=C011-1
Added Pin To Net: NetName=VCC Pin=U01-1
Added Pin To Net: NetName=GND Pin=U01-2
Added Pin To Net: NetName=NetD1_1 Pin=D1-1
Added Pin To Net: NetName=NetD1_1 Pin=U01-5
Added Net: Name=NetD1_1
Change Class Name : Old Net Name=LittleFOC-pcb-0.0.1 New Net Name=LittleFOC-pcb-0.0.2
Added Member To Class: ClassName=LittleFOC-pcb-0.0.2 Member=Component * LP3992-15B5F
Added Member To Class: ClassName=LittleFOC-pcb-0.0.2 Member=Component C23 Cap
Added Member To Class: ClassName=LittleFOC-pcb-0.0.2 Member=Component U01 SPX3819
Added Room: Name=LittleFOC-pcb-0.0.2
