Removed Pin From Net: NetName=USART1_TX Pin=P2-2
Removed Pin From Net: NetName=SYS_SWCLK Pin=P2-3
Removed Pin From Net: NetName=SYS_SWDIO Pin=P2-4
Removed Pin From Net: NetName=USART1_RX Pin=P2-5
Change component parameters: Designator = "C24" ("C24"); Footprint = "0402R"; UniqueID = "\NJGZGYWG" ("\NJGZGYWG")
Change component parameters (AddParameter): Name = "LatestRevisionDate"; Value = "29-May-2009"; VariantName = "[No Variations]"
Change component parameters (AddParameter): Name = "LatestRevisionNote"; Value = "IPC-7351 Footprint Added."; VariantName = "[No Variations]"
Change component parameters (AddParameter): Name = "PackageDescription"; Value = "Chip Capacitor"; VariantName = "[No Variations]"
Change component parameters (AddParameter): Name = "PackageReference"; Value = "C1206"; VariantName = "[No Variations]"
Change component parameters (AddParameter): Name = "Published"; Value = "8-Jun-2000"; VariantName = "[No Variations]"
Change component parameters (AddParameter): Name = "Publisher"; Value = "Altium Limited"; VariantName = "[No Variations]"
Change component parameters (AddParameter): Name = "Value"; Value = "0.01uF"; VariantName = "[No Variations]"
Added Pin To Net: NetName=USART1_RX Pin=P2-2
Added Pin To Net: NetName=SYS_SWDIO Pin=P2-3
Added Pin To Net: NetName=SYS_SWCLK Pin=P2-4
Added Pin To Net: NetName=USART1_TX Pin=P2-5
Added Member To Class: ClassName=LittleFOC-pcb-0.0.2 Member=Component C21 Cap
Added Member To Class: ClassName=LittleFOC-pcb-0.0.2 Member=Component C22 Cap
Added Member To Class: ClassName=LittleFOC-pcb-0.0.2 Member=Component U02 OSC 16Mhz
Added Room: Name=LittleFOC-pcb-0.0.2
