Removed Pin From Net: NetName=VCC_in Pin=C22-2
Removed Pin From Net: NetName=VCC_in Pin=C23-1
Removed Pin From Net: NetName=GND Pin=C23-2
Removed Pin From Net: NetName=VCC_in Pin=C24-1
Removed Pin From Net: NetName=GND Pin=C24-2
Removed Pin From Net: NetName=VCC_in Pin=C26-1
Removed Pin From Net: NetName=GND Pin=C26-2
Removed Pin From Net: NetName=GND Pin=U2-0
Removed Pin From Net: NetName=TIM3_CH1 Pin=U2-1
Removed Pin From Net: NetName=GND Pin=U2-2
Removed Pin From Net: NetName=VCC_in Pin=U2-6
Removed Pin From Net: NetName=OUTPUT1 Pin=U2-7
Removed Pin From Net: NetName=PGND1 Pin=U2-8
Removed Pin From Net: NetName=GND Pin=U2-9
Removed Pin From Net: NetName=OUTPUT2 Pin=U2-10
Removed Pin From Net: NetName=OUTPUT3 Pin=U2-11
Removed Pin From Net: NetName=PGND3 Pin=U2-12
Removed Pin From Net: NetName=VCC_in Pin=U2-13
Removed Pin From Net: NetName=GND Pin=U2-19
Removed Pin From Net: NetName=BLDC_EN Pin=U2-20
Removed Pin From Net: NetName=TIM3_CH3 Pin=U2-21
Removed Pin From Net: NetName=TIM3_CH2 Pin=U2-23
Removed Member From Class: ClassName=LittleFOC-pcb-0.0.2 Member=C22
Removed Member From Class: ClassName=LittleFOC-pcb-0.0.2 Member=C23
Removed Member From Class: ClassName=LittleFOC-pcb-0.0.2 Member=C26
Change Component Footprint: Designator=U2 Old Footprint=QFN24 New Footprint=TSSOP28
Change Component Comment : Designator=U2 Old Comment=AT8325 New Comment=DRV8313
Added Component: Designator=C?(XT_100UF_25V)
Add component (AddParameter): Name = "LatestRevisionDate"; Value = "29-May-2009"; VariantName = "[No Variations]"
Add component (AddParameter): Name = "LatestRevisionNote"; Value = "IPC-7351 Footprint Added."; VariantName = "[No Variations]"
Add component (AddParameter): Name = "PackageDescription"; Value = "Chip Capacitor"; VariantName = "[No Variations]"
Add component (AddParameter): Name = "PackageReference"; Value = "C1206"; VariantName = "[No Variations]"
Add component (AddParameter): Name = "Published"; Value = "8-Jun-2000"; VariantName = "[No Variations]"
Add component (AddParameter): Name = "Publisher"; Value = "Altium Limited"; VariantName = "[No Variations]"
Add component (AddParameter): Name = "Value"; Value = "100uF/25V"; VariantName = "[No Variations]"
Added Component: Designator=C?(0402R)
Add component (AddParameter): Name = "LatestRevisionDate"; Value = "29-May-2009"; VariantName = "[No Variations]"
Add component (AddParameter): Name = "LatestRevisionNote"; Value = "IPC-7351 Footprint Added."; VariantName = "[No Variations]"
Add component (AddParameter): Name = "PackageDescription"; Value = "Chip Capacitor"; VariantName = "[No Variations]"
Add component (AddParameter): Name = "PackageReference"; Value = "C1206"; VariantName = "[No Variations]"
Add component (AddParameter): Name = "Published"; Value = "8-Jun-2000"; VariantName = "[No Variations]"
Add component (AddParameter): Name = "Publisher"; Value = "Altium Limited"; VariantName = "[No Variations]"
Add component (AddParameter): Name = "Value"; Value = "0.1uF"; VariantName = "[No Variations]"
Added Pin To Net: NetName=VCC_in Pin=C?-1
Added Pin To Net: NetName=VCC_in Pin=C?-1
Added Pin To Net: NetName=GND Pin=C?-2
Added Pin To Net: NetName=VCC_in Pin=U2-4
Added Pin To Net: NetName=OUTPUT1 Pin=U2-5
Added Pin To Net: NetName=PGND1 Pin=U2-6
Added Pin To Net: NetName=GND Pin=U2-7
Added Pin To Net: NetName=OUTPUT2 Pin=U2-8
Added Pin To Net: NetName=OUTPUT3 Pin=U2-9
Added Pin To Net: NetName=PGND3 Pin=U2-10
Added Pin To Net: NetName=VCC_in Pin=U2-11
Added Pin To Net: NetName=GND Pin=U2-20
Added Pin To Net: NetName=TIM3_CH3 Pin=U2-23
Added Pin To Net: NetName=TIM3_CH2 Pin=U2-25
Added Pin To Net: NetName=BLDC_EN Pin=U2-26
Added Pin To Net: NetName=TIM3_CH1 Pin=U2-27
Added Pin To Net: NetName=GND Pin=U2-28
Added Pin To Net: NetName=NetC24_1 Pin=C24-1
Added Pin To Net: NetName=NetC24_1 Pin=U2-1
Added Net: Name=NetC24_1
Added Pin To Net: NetName=NetC24_2 Pin=C24-2
Added Pin To Net: NetName=NetC24_2 Pin=U2-2
Added Net: Name=NetC24_2
Added Pin To Net: NetName=NetC?_2 Pin=C?-2
Added Pin To Net: NetName=NetC?_2 Pin=U2-3
Added Net: Name=NetC?_2
Added Member To Class: ClassName=LittleFOC-pcb-0.0.2 Member=Component C? Cap
Added Member To Class: ClassName=LittleFOC-pcb-0.0.2 Member=Component C? Cap
