Removed Pin From Net: NetName=GND Pin=P2-1
Removed Pin From Net: NetName=USART1_RX Pin=P2-2
Removed Pin From Net: NetName=SYS_SWDIO Pin=P2-3
Removed Pin From Net: NetName=SYS_SWCLK Pin=P2-4
Removed Pin From Net: NetName=USART1_TX Pin=P2-5
Removed Pin From Net: NetName=GND Pin=P3-1
Removed Pin From Net: NetName=SPI1_MOSI Pin=P3-2
Removed Pin From Net: NetName=SPI1_MISO Pin=P3-3
Removed Pin From Net: NetName=SPI1_SCK Pin=P3-4
Removed Pin From Net: NetName=SPI1_CSN Pin=P3-5
Removed Pin From Net: NetName=3V3 Pin=P3-6
Change Component Footprint: Designator=P3 Old Footprint=HDR1X6 New Footprint=SH1.0 6p
Change Component Comment : Designator=P3 Old Comment=Header 6 New Comment=SH1.0 6p
Change Component Designator: OldDesignator=P4 NewDesignator=P2
Change component parameters: Designator = "P3" ("P3"); Footprint = "HDR1X6"; UniqueID = "\TTJSLARP" ("\TTJSLARP")
Added Component: Designator=P4(SH1.0 3p)
Added Component: Designator=P5(SH1.0 3p)
Added Pin To Net: NetName=3V3 Pin=P3-1
Added Pin To Net: NetName=SPI1_CSN Pin=P3-2
Added Pin To Net: NetName=SPI1_SCK Pin=P3-3
Added Pin To Net: NetName=SPI1_MISO Pin=P3-4
Added Pin To Net: NetName=SPI1_MOSI Pin=P3-5
Added Pin To Net: NetName=GND Pin=P3-6
Added Pin To Net: NetName=USART1_TX Pin=P4-1
Added Pin To Net: NetName=USART1_RX Pin=P4-2
Added Pin To Net: NetName=GND Pin=P4-3
Added Pin To Net: NetName=USART1_TX Pin=P5-1
Added Pin To Net: NetName=USART1_RX Pin=P5-2
Added Pin To Net: NetName=GND Pin=P5-3
Change Class Name : Old Net Name=LittleFOC-pcb-0.0.3 New Net Name=LittleFOC-pcb-0.1.0
Added Member To Class: ClassName=LittleFOC-pcb-0.1.0 Member=Component P5 SH1.0 3p
Added Member To Class: ClassName=LittleFOC-pcb-0.1.0 Member=Component U02 OSC 16Mhz
Change Room Name: Old Name=LittleFOC-pcb-0.0.3 New Name=LittleFOC-pcb-0.1.0
Change Room Scope: Old Scope=InComponentClass('LittleFOC-pcb-0.0.3') New Scope=InComponentClass('LittleFOC-pcb-0.1.0')
